Script began: Thu Mar 9 11:48:39 PST 2017
Node: compute-1-14.local
Current directory: /data/users/mltseng/hw3

=== Running 5 trials of multiple ... ===
*** Trial 1 ***
N: 8388608
Timer: gettimeofday
Timer resolution: ~ 1 us (?)
Time to execute multiple add GPU reduction kernel: 0.00034 secs
Effective bandwidth: 98.69 GB/s
Time to execute naive CPU reduction: 0.116089 secs
SUCCESS: GPU: 41.957722  CPU: 41.957722
*** Trial 2 ***
N: 8388608
Timer: gettimeofday
Timer resolution: ~ 1 us (?)
Time to execute multiple add GPU reduction kernel: 0.00035 secs
Effective bandwidth: 95.87 GB/s
Time to execute naive CPU reduction: 0.100269 secs
SUCCESS: GPU: 41.940392  CPU: 41.940395
*** Trial 3 ***
N: 8388608
Timer: gettimeofday
Timer resolution: ~ 1 us (?)
Time to execute multiple add GPU reduction kernel: 0.000348 secs
Effective bandwidth: 96.42 GB/s
Time to execute naive CPU reduction: 0.099593 secs
SUCCESS: GPU: 41.947327  CPU: 41.947327
*** Trial 4 ***
N: 8388608
Timer: gettimeofday
Timer resolution: ~ 1 us (?)
Time to execute multiple add GPU reduction kernel: 0.000326 secs
Effective bandwidth: 102.93 GB/s
Time to execute naive CPU reduction: 0.099583 secs
SUCCESS: GPU: 41.952057  CPU: 41.952057
*** Trial 5 ***
N: 8388608
Timer: gettimeofday
Timer resolution: ~ 1 us (?)
Time to execute multiple add GPU reduction kernel: 0.000345 secs
Effective bandwidth: 97.26 GB/s
Time to execute naive CPU reduction: 0.104493 secs
SUCCESS: GPU: 41.944546  CPU: 41.944546

=== Done! ===
