Script began: Tue Mar 7 23:42:26 PST 2017
Node: compute-1-14.local
Current directory: /data/users/mltseng/hw3

=== Running 5 trials of sequential ... ===
*** Trial 1 ***
N: 8388608
Timer: gettimeofday
Timer resolution: ~ 1 us (?)
Time to execute sequential index GPU reduction kernel: 0.001767 secs
Effective bandwidth: 18.99 GB/s
Time to execute naive CPU reduction: 0.11601 secs
SUCCESS: GPU: 41.929783  CPU: 41.929783
*** Trial 2 ***
N: 8388608
Timer: gettimeofday
Timer resolution: ~ 1 us (?)
Time to execute sequential index GPU reduction kernel: 0.001769 secs
Effective bandwidth: 18.97 GB/s
Time to execute naive CPU reduction: 0.116019 secs
SUCCESS: GPU: 41.949585  CPU: 41.949585
*** Trial 3 ***
N: 8388608
Timer: gettimeofday
Timer resolution: ~ 1 us (?)
Time to execute sequential index GPU reduction kernel: 0.001768 secs
Effective bandwidth: 18.98 GB/s
Time to execute naive CPU reduction: 0.099955 secs
SUCCESS: GPU: 41.944828  CPU: 41.944828
*** Trial 4 ***
N: 8388608
Timer: gettimeofday
Timer resolution: ~ 1 us (?)
Time to execute sequential index GPU reduction kernel: 0.001768 secs
Effective bandwidth: 18.98 GB/s
Time to execute naive CPU reduction: 0.116024 secs
SUCCESS: GPU: 41.944828  CPU: 41.944828
*** Trial 5 ***
N: 8388608
Timer: gettimeofday
Timer resolution: ~ 1 us (?)
Time to execute sequential index GPU reduction kernel: 0.001768 secs
Effective bandwidth: 18.98 GB/s
Time to execute naive CPU reduction: 0.116025 secs
SUCCESS: GPU: 41.928810  CPU: 41.928810

=== Done! ===
