Script began: Fri Mar 3 14:38:23 PST 2017
Node: compute-1-14.local
Current directory: /data/users/mltseng/hw3

=== Running 5 trials of stride ... ===
*** Trial 1 ***
N: 8388608
Timer: gettimeofday
Timer resolution: ~ 1 us (?)
Time to execute strided index GPU reduction kernel: 0.00242 secs
Effective bandwidth: 13.87 GB/s
Time to execute naive CPU reduction: 0.106224 secs
SUCCESS: GPU: 41.930046  CPU: 41.930042
*** Trial 2 ***
N: 8388608
Timer: gettimeofday
Timer resolution: ~ 1 us (?)
Time to execute strided index GPU reduction kernel: 0.00242 secs
Effective bandwidth: 13.87 GB/s
Time to execute naive CPU reduction: 0.104477 secs
SUCCESS: GPU: 41.930046  CPU: 41.930042
*** Trial 3 ***
N: 8388608
Timer: gettimeofday
Timer resolution: ~ 1 us (?)
Time to execute strided index GPU reduction kernel: 0.002427 secs
Effective bandwidth: 13.83 GB/s
Time to execute naive CPU reduction: 0.104479 secs
SUCCESS: GPU: 41.960373  CPU: 41.960377
*** Trial 4 ***
N: 8388608
Timer: gettimeofday
Timer resolution: ~ 1 us (?)
Time to execute strided index GPU reduction kernel: 0.002428 secs
Effective bandwidth: 13.82 GB/s
Time to execute naive CPU reduction: 0.104497 secs
SUCCESS: GPU: 41.960373  CPU: 41.960377
*** Trial 5 ***
N: 8388608
Timer: gettimeofday
Timer resolution: ~ 1 us (?)
Time to execute strided index GPU reduction kernel: 0.002427 secs
Effective bandwidth: 13.83 GB/s
Time to execute naive CPU reduction: 0.104487 secs
SUCCESS: GPU: 41.940670  CPU: 41.940670

=== Done! ===
