Script began: Thu Mar 9 23:22:40 PST 2017
Node: compute-1-14.local
Current directory: /data/users/mltseng/hw3

=== Running 5 trials of unroll ... ===
*** Trial 1 ***
N: 8388608
Timer: gettimeofday
Timer resolution: ~ 1 us (?)
Time to execute unrolled GPU reduction kernel: 0.000701 secs
Effective bandwidth: 47.87 GB/s
Time to execute naive CPU reduction: 0.183091 secs
SUCCESS: GPU: 41.954475  CPU: 41.954479
*** Trial 2 ***
N: 8388608
Timer: gettimeofday
Timer resolution: ~ 1 us (?)
Time to execute unrolled GPU reduction kernel: 0.000692 secs
Effective bandwidth: 48.49 GB/s
Time to execute naive CPU reduction: 0.148683 secs
SUCCESS: GPU: 41.954475  CPU: 41.954479
*** Trial 3 ***
N: 8388608
Timer: gettimeofday
Timer resolution: ~ 1 us (?)
Time to execute unrolled GPU reduction kernel: 0.002983 secs
Effective bandwidth: 11.25 GB/s
Time to execute naive CPU reduction: 0.193747 secs
SUCCESS: GPU: 41.943581  CPU: 41.943581
*** Trial 4 ***
N: 8388608
Timer: gettimeofday
Timer resolution: ~ 1 us (?)
Time to execute unrolled GPU reduction kernel: 0.000713 secs
Effective bandwidth: 47.06 GB/s
Time to execute naive CPU reduction: 0.116148 secs
SUCCESS: GPU: 41.936890  CPU: 41.936893
*** Trial 5 ***
N: 8388608
Timer: gettimeofday
Timer resolution: ~ 1 us (?)
Time to execute unrolled GPU reduction kernel: 0.000704 secs
Effective bandwidth: 47.66 GB/s
Time to execute naive CPU reduction: 0.099963 secs
SUCCESS: GPU: 41.949837  CPU: 41.949837

=== Done! ===
